2020-12-22 08:36:32,410:INFO: -------- Dataset Build! --------
2020-12-22 08:36:32,410:INFO: -------- Get Dataloader! --------
2020-12-22 08:54:04,637:INFO: Epoch: 1, loss: 7.063442230224609
2020-12-22 09:05:37,018:INFO: Epoch: 1, Dev loss: 6.244466304779053, Bleu Score: 2.5678786290483964
2020-12-22 09:05:38,743:INFO: -------- Save Best Model! --------
2020-12-22 09:23:03,645:INFO: Epoch: 2, loss: 5.688276767730713
2020-12-22 09:34:37,312:INFO: Epoch: 2, Dev loss: 5.155241012573242, Bleu Score: 10.133223443056036
2020-12-22 09:34:39,062:INFO: -------- Save Best Model! --------
2020-12-22 09:52:03,066:INFO: Epoch: 3, loss: 4.64036226272583
2020-12-22 10:03:38,754:INFO: Epoch: 3, Dev loss: 4.349376201629639, Bleu Score: 17.201527302157672
2020-12-22 10:03:40,508:INFO: -------- Save Best Model! --------
2020-12-22 10:21:05,559:INFO: Epoch: 4, loss: 3.884669542312622
2020-12-22 10:32:43,600:INFO: Epoch: 4, Dev loss: 3.948094606399536, Bleu Score: 20.579211370251148
2020-12-22 10:32:45,368:INFO: -------- Save Best Model! --------
2020-12-22 10:50:11,550:INFO: Epoch: 5, loss: 3.38419246673584
2020-12-22 11:01:50,014:INFO: Epoch: 5, Dev loss: 3.742609977722168, Bleu Score: 23.093494762340786
2020-12-22 11:01:51,835:INFO: -------- Save Best Model! --------
2020-12-22 11:19:20,370:INFO: Epoch: 6, loss: 3.0135324001312256
2020-12-22 11:31:01,053:INFO: Epoch: 6, Dev loss: 3.651742458343506, Bleu Score: 23.614078945643094
2020-12-22 11:31:02,796:INFO: -------- Save Best Model! --------
2020-12-22 11:48:29,017:INFO: Epoch: 7, loss: 2.7101891040802
2020-12-22 12:00:09,978:INFO: Epoch: 7, Dev loss: 3.6285178661346436, Bleu Score: 23.80421004020194
2020-12-22 12:00:11,817:INFO: -------- Save Best Model! --------
2020-12-22 12:17:41,334:INFO: Epoch: 8, loss: 2.449294328689575
2020-12-22 12:29:24,760:INFO: Epoch: 8, Dev loss: 3.6328773498535156, Bleu Score: 23.83706533630278
2020-12-22 12:29:26,509:INFO: -------- Save Best Model! --------
2020-12-22 12:46:55,067:INFO: Epoch: 9, loss: 2.2200424671173096
2020-12-22 12:58:37,294:INFO: Epoch: 9, Dev loss: 3.683577299118042, Bleu Score: 24.02949170550811
2020-12-22 12:58:38,960:INFO: -------- Save Best Model! --------
2020-12-22 13:16:06,712:INFO: Epoch: 10, loss: 2.0162885189056396
2020-12-22 13:27:48,909:INFO: Epoch: 10, Dev loss: 3.777245283126831, Bleu Score: 24.06728951395703
2020-12-22 13:27:50,774:INFO: -------- Save Best Model! --------
2020-12-22 13:45:19,085:INFO: Epoch: 11, loss: 1.8357553482055664
2020-12-22 13:57:00,694:INFO: Epoch: 11, Dev loss: 3.861703395843506, Bleu Score: 23.90154122534755
2020-12-22 13:57:00,694:INFO: Early Stop Left: 4
2020-12-22 14:14:28,891:INFO: Epoch: 12, loss: 1.6773146390914917
2020-12-22 14:26:11,352:INFO: Epoch: 12, Dev loss: 3.9666342735290527, Bleu Score: 23.81598416376274
2020-12-22 14:26:11,352:INFO: Early Stop Left: 3
2020-12-22 14:43:41,437:INFO: Epoch: 13, loss: 1.5395513772964478
2020-12-22 14:55:24,536:INFO: Epoch: 13, Dev loss: 4.055217742919922, Bleu Score: 23.366686622269004
2020-12-22 14:55:24,536:INFO: Early Stop Left: 2
2020-12-22 15:12:54,251:INFO: Epoch: 14, loss: 1.4170677661895752
2020-12-22 15:24:39,513:INFO: Epoch: 14, Dev loss: 4.164541721343994, Bleu Score: 23.435156902780346
2020-12-22 15:24:39,513:INFO: Early Stop Left: 1
2020-12-22 15:42:08,324:INFO: Epoch: 15, loss: 1.3096109628677368
2020-12-22 15:53:54,606:INFO: Epoch: 15, Dev loss: 4.278454303741455, Bleu Score: 23.25941776451232
2020-12-22 15:53:54,606:INFO: Early Stop Left: 0
2020-12-22 15:53:54,606:INFO: -------- Early Stop! --------
2020-12-22 16:17:14,630:INFO: Test loss: 3.784736394882202,  Bleu Score: 24.032286199852155
