2021-01-07 20:58:43,134:INFO: -------- Dataset Build! --------
2021-01-07 20:58:43,134:INFO: -------- Get Dataloader! --------
2021-01-07 21:25:11,319:INFO: Epoch: 1, loss: 6.174792289733887
2021-01-07 21:39:42,124:INFO: Epoch: 1, Dev loss: 5.522377014160156, Bleu Score: 2.596803782366893
2021-01-07 21:39:44,579:INFO: -------- Save Best Model! --------
2021-01-07 22:06:07,314:INFO: Epoch: 2, loss: 5.074716091156006
2021-01-07 22:20:41,350:INFO: Epoch: 2, Dev loss: 4.659841060638428, Bleu Score: 9.046823828667298
2021-01-07 22:20:43,773:INFO: -------- Save Best Model! --------
2021-01-07 22:47:16,353:INFO: Epoch: 3, loss: 4.268885135650635
2021-01-07 23:01:40,776:INFO: Epoch: 3, Dev loss: 4.034302234649658, Bleu Score: 15.089839420411252
2021-01-07 23:01:43,275:INFO: -------- Save Best Model! --------
2021-01-07 23:28:06,720:INFO: Epoch: 4, loss: 3.6717751026153564
2021-01-07 23:42:27,392:INFO: Epoch: 4, Dev loss: 3.6717941761016846, Bleu Score: 19.511898843410872
2021-01-07 23:42:29,912:INFO: -------- Save Best Model! --------
2021-01-08 00:08:52,472:INFO: Epoch: 5, loss: 3.251401901245117
2021-01-08 00:23:14,838:INFO: Epoch: 5, Dev loss: 3.4589269161224365, Bleu Score: 21.020435926110263
2021-01-08 00:23:17,180:INFO: -------- Save Best Model! --------
2021-01-08 00:49:40,198:INFO: Epoch: 6, loss: 2.9387364387512207
2021-01-08 01:04:05,244:INFO: Epoch: 6, Dev loss: 3.347168445587158, Bleu Score: 22.116434195167994
2021-01-08 01:04:07,686:INFO: -------- Save Best Model! --------
2021-01-08 01:30:32,694:INFO: Epoch: 7, loss: 2.6879498958587646
2021-01-08 01:44:55,150:INFO: Epoch: 7, Dev loss: 3.2918336391448975, Bleu Score: 23.055136655097876
2021-01-08 01:44:57,827:INFO: -------- Save Best Model! --------
2021-01-08 02:11:24,034:INFO: Epoch: 8, loss: 2.4751927852630615
2021-01-08 02:25:40,553:INFO: Epoch: 8, Dev loss: 3.2695064544677734, Bleu Score: 23.61955545898529
2021-01-08 02:25:43,153:INFO: -------- Save Best Model! --------
2021-01-08 02:52:07,005:INFO: Epoch: 9, loss: 2.293199300765991
2021-01-08 03:06:22,218:INFO: Epoch: 9, Dev loss: 3.2687675952911377, Bleu Score: 23.779705488848812
2021-01-08 03:06:24,920:INFO: -------- Save Best Model! --------
2021-01-08 03:32:47,310:INFO: Epoch: 10, loss: 2.133103370666504
2021-01-08 03:47:06,584:INFO: Epoch: 10, Dev loss: 3.285531520843506, Bleu Score: 23.671355677585744
2021-01-08 03:47:06,584:INFO: Early Stop Left: 4
2021-01-08 04:13:31,338:INFO: Epoch: 11, loss: 1.9934632778167725
2021-01-08 04:27:54,470:INFO: Epoch: 11, Dev loss: 3.315858840942383, Bleu Score: 23.82677412912707
2021-01-08 04:27:57,600:INFO: -------- Save Best Model! --------
2021-01-08 04:54:22,299:INFO: Epoch: 12, loss: 1.8705816268920898
2021-01-08 05:08:43,505:INFO: Epoch: 12, Dev loss: 3.3626763820648193, Bleu Score: 23.917132099202522
2021-01-08 05:08:46,670:INFO: -------- Save Best Model! --------
2021-01-08 05:35:11,557:INFO: Epoch: 13, loss: 1.7619444131851196
2021-01-08 05:49:24,943:INFO: Epoch: 13, Dev loss: 3.3873560428619385, Bleu Score: 23.65202409946287
2021-01-08 05:49:24,944:INFO: Early Stop Left: 4
2021-01-08 06:15:49,633:INFO: Epoch: 14, loss: 1.6648635864257812
2021-01-08 06:30:15,273:INFO: Epoch: 14, Dev loss: 3.429570436477661, Bleu Score: 23.740130536021844
2021-01-08 06:30:15,274:INFO: Early Stop Left: 3
2021-01-08 06:56:40,754:INFO: Epoch: 15, loss: 1.5795978307724
2021-01-08 07:11:05,522:INFO: Epoch: 15, Dev loss: 3.470214366912842, Bleu Score: 23.703570873357588
2021-01-08 07:11:05,522:INFO: Early Stop Left: 2
2021-01-08 07:37:30,519:INFO: Epoch: 16, loss: 1.5048565864562988
2021-01-08 07:51:50,359:INFO: Epoch: 16, Dev loss: 3.4990668296813965, Bleu Score: 23.63039255608928
2021-01-08 07:51:50,359:INFO: Early Stop Left: 1
2021-01-08 08:18:15,525:INFO: Epoch: 17, loss: 1.4368983507156372
2021-01-08 08:32:43,440:INFO: Epoch: 17, Dev loss: 3.5289387702941895, Bleu Score: 23.543280152299474
2021-01-08 08:32:43,440:INFO: Early Stop Left: 0
2021-01-08 08:32:43,441:INFO: -------- Early Stop! --------
2021-01-08 09:01:54,949:INFO: Test loss: 3.3692362308502197,  Bleu Score: 23.83848822147292
