2020-12-18 01:51:10,508:INFO: -------- Dataset Build! --------
2020-12-18 01:51:10,509:INFO: -------- Get Dataloader! --------
2020-12-18 01:58:05,171:INFO: Epoch: 1, loss: 5.932244300842285
2020-12-18 02:04:59,943:INFO: Epoch: 1, Dev loss: 4.71905517578125, Bleu Score: 0.011559374675958743
2020-12-18 02:05:00,125:INFO: -------- Save Best Model! --------
2020-12-18 02:11:44,290:INFO: Epoch: 2, loss: 4.4450554847717285
2020-12-18 02:18:36,792:INFO: Epoch: 2, Dev loss: 3.8327865600585938, Bleu Score: 0.2798508364483629
2020-12-18 02:18:36,953:INFO: -------- Save Best Model! --------
2020-12-18 02:25:05,449:INFO: Epoch: 3, loss: 3.870915651321411
2020-12-18 02:32:08,329:INFO: Epoch: 3, Dev loss: 3.4233970642089844, Bleu Score: 0.3050651017863532
2020-12-18 02:32:08,517:INFO: -------- Save Best Model! --------
2020-12-18 02:38:36,757:INFO: Epoch: 4, loss: 3.53448486328125
2020-12-18 02:45:49,703:INFO: Epoch: 4, Dev loss: 3.1606016159057617, Bleu Score: 0.4082651748383682
2020-12-18 02:45:49,896:INFO: -------- Save Best Model! --------
2020-12-18 02:52:16,537:INFO: Epoch: 5, loss: 3.311856508255005
2020-12-18 02:59:17,818:INFO: Epoch: 5, Dev loss: 2.9845056533813477, Bleu Score: 0.5310161352550489
2020-12-18 02:59:17,985:INFO: -------- Save Best Model! --------
2020-12-18 03:05:45,020:INFO: Epoch: 6, loss: 3.1381516456604004
2020-12-18 03:12:39,956:INFO: Epoch: 6, Dev loss: 2.8496546745300293, Bleu Score: 0.5369515446065615
2020-12-18 03:12:40,133:INFO: -------- Save Best Model! --------
2020-12-18 03:19:21,115:INFO: Epoch: 7, loss: 3.0050809383392334
2020-12-18 03:26:17,443:INFO: Epoch: 7, Dev loss: 2.7384302616119385, Bleu Score: 0.6497835298184672
2020-12-18 03:26:17,614:INFO: -------- Save Best Model! --------
2020-12-18 03:33:02,525:INFO: Epoch: 8, loss: 2.8978192806243896
2020-12-18 03:39:54,886:INFO: Epoch: 8, Dev loss: 2.6470816135406494, Bleu Score: 0.6031039681725479
2020-12-18 03:46:36,693:INFO: Epoch: 9, loss: 2.820028066635132
2020-12-18 03:53:31,178:INFO: Epoch: 9, Dev loss: 2.5717289447784424, Bleu Score: 0.6100197316015231
2020-12-18 04:00:09,845:INFO: Epoch: 10, loss: 2.728703498840332
2020-12-18 04:07:01,900:INFO: Epoch: 10, Dev loss: 2.5042266845703125, Bleu Score: 0.6878533827796469
2020-12-18 04:07:02,093:INFO: -------- Save Best Model! --------
2020-12-18 04:13:48,584:INFO: Epoch: 11, loss: 2.6699118614196777
2020-12-18 04:20:42,940:INFO: Epoch: 11, Dev loss: 2.4488844871520996, Bleu Score: 0.6453580232811673
2020-12-18 04:27:30,940:INFO: Epoch: 12, loss: 2.6073741912841797
2020-12-18 04:34:30,262:INFO: Epoch: 12, Dev loss: 2.392580270767212, Bleu Score: 0.6665282551941996
2020-12-18 04:41:15,543:INFO: Epoch: 13, loss: 2.552145481109619
2020-12-18 04:48:12,327:INFO: Epoch: 13, Dev loss: 2.3435821533203125, Bleu Score: 0.6739717527707797
2020-12-18 04:55:03,435:INFO: Epoch: 14, loss: 2.506255865097046
2020-12-18 05:02:00,391:INFO: Epoch: 14, Dev loss: 2.2983620166778564, Bleu Score: 0.704922997217199
2020-12-18 05:02:00,631:INFO: -------- Save Best Model! --------
2020-12-18 05:08:39,983:INFO: Epoch: 15, loss: 2.466466188430786
2020-12-18 05:15:36,749:INFO: Epoch: 15, Dev loss: 2.2619283199310303, Bleu Score: 0.8016613708537141
2020-12-18 05:15:36,913:INFO: -------- Save Best Model! --------
2020-12-18 05:22:23,019:INFO: Epoch: 16, loss: 2.432191848754883
2020-12-18 05:29:17,994:INFO: Epoch: 16, Dev loss: 2.2260384559631348, Bleu Score: 0.7400095475623573
2020-12-18 05:35:57,457:INFO: Epoch: 17, loss: 2.3977861404418945
2020-12-18 05:42:47,991:INFO: Epoch: 17, Dev loss: 2.1957554817199707, Bleu Score: 0.7128961416607701
2020-12-18 05:49:28,436:INFO: Epoch: 18, loss: 2.3605475425720215
2020-12-18 05:56:24,441:INFO: Epoch: 18, Dev loss: 2.1677002906799316, Bleu Score: 0.8213261502139838
2020-12-18 05:56:24,606:INFO: -------- Save Best Model! --------
2020-12-18 06:03:06,128:INFO: Epoch: 19, loss: 2.3373799324035645
2020-12-18 06:09:59,655:INFO: Epoch: 19, Dev loss: 2.137814521789551, Bleu Score: 0.8138840631083004
2020-12-18 06:16:42,942:INFO: Epoch: 20, loss: 2.3089847564697266
2020-12-18 06:23:41,479:INFO: Epoch: 20, Dev loss: 2.118819236755371, Bleu Score: 0.7803470182021653
