2020-12-18 21:56:20,138:INFO: -------- Dataset Build! --------
2020-12-18 21:56:20,138:INFO: -------- Get Dataloader! --------
2020-12-18 22:02:49,791:INFO: Epoch: 1, loss: 6.129085063934326
2020-12-18 22:09:40,995:INFO: Epoch: 1, oDev loss: 4.949201583862305, Bleu Score: 0.03300616097606175
2020-12-18 22:09:41,166:INFO: -------- Save Best Model! --------
2020-12-18 22:16:06,836:INFO: Epoch: 2, loss: 4.6481733322143555
2020-12-18 22:24:10,806:INFO: Epoch: 2, oDev loss: 4.195393085479736, Bleu Score: 0.25721569340930656
2020-12-18 22:24:10,973:INFO: -------- Save Best Model! --------
2020-12-18 22:30:36,746:INFO: Epoch: 3, loss: 4.1526336669921875
2020-12-18 22:37:29,732:INFO: Epoch: 3, oDev loss: 3.8503012657165527, Bleu Score: 0.2963534288555735
2020-12-18 22:37:29,876:INFO: -------- Save Best Model! --------
2020-12-18 22:44:00,822:INFO: Epoch: 4, loss: 3.850019931793213
2020-12-18 22:50:58,795:INFO: Epoch: 4, oDev loss: 3.597107172012329, Bleu Score: 0.3100871964174897
2020-12-18 22:50:58,965:INFO: -------- Save Best Model! --------
2020-12-18 22:57:18,932:INFO: Epoch: 5, loss: 3.6452107429504395
2020-12-18 23:04:20,790:INFO: Epoch: 5, oDev loss: 3.4378883838653564, Bleu Score: 0.4327578970823197
2020-12-18 23:04:20,956:INFO: -------- Save Best Model! --------
2020-12-18 23:10:18,467:INFO: Epoch: 6, loss: 3.5040225982666016
2020-12-18 23:17:31,572:INFO: Epoch: 6, oDev loss: 3.344813585281372, Bleu Score: 0.4159790791521501
2020-12-18 23:23:29,889:INFO: Epoch: 7, loss: 3.406294822692871
2020-12-18 23:30:33,031:INFO: Epoch: 7, oDev loss: 3.265021800994873, Bleu Score: 0.43083392263415066
2020-12-18 23:36:30,251:INFO: Epoch: 8, loss: 3.3242316246032715
2020-12-18 23:43:32,617:INFO: Epoch: 8, oDev loss: 3.20802903175354, Bleu Score: 0.5218762363612578
2020-12-18 23:43:32,781:INFO: -------- Save Best Model! --------
2020-12-18 23:50:00,284:INFO: Epoch: 9, loss: 3.260068655014038
2020-12-18 23:56:27,158:INFO: Epoch: 9, oDev loss: 3.153446674346924, Bleu Score: 0.5107039642507515
2020-12-19 00:03:10,045:INFO: Epoch: 10, loss: 3.206145763397217
2020-12-19 00:09:51,926:INFO: Epoch: 10, oDev loss: 3.11289644241333, Bleu Score: 0.4383491669854765
2020-12-19 00:16:36,120:INFO: Epoch: 11, loss: 3.1568164825439453
2020-12-19 00:23:17,796:INFO: Epoch: 11, oDev loss: 3.073232889175415, Bleu Score: 0.4827427665972752
2020-12-19 00:30:02,819:INFO: Epoch: 12, loss: 3.1151440143585205
2020-12-19 00:36:38,265:INFO: Epoch: 12, oDev loss: 3.046571969985962, Bleu Score: 0.5549114719652909
2020-12-19 00:36:38,442:INFO: -------- Save Best Model! --------
2020-12-19 00:43:02,856:INFO: Epoch: 13, loss: 3.0787601470947266
2020-12-19 00:49:30,621:INFO: Epoch: 13, oDev loss: 3.014920949935913, Bleu Score: 0.5630970025177845
2020-12-19 00:49:30,803:INFO: -------- Save Best Model! --------
2020-12-19 00:56:05,512:INFO: Epoch: 14, loss: 3.0446174144744873
2020-12-19 01:02:36,439:INFO: Epoch: 14, oDev loss: 2.990182876586914, Bleu Score: 0.5103868187627201
2020-12-19 01:09:03,890:INFO: Epoch: 15, loss: 3.015770673751831
2020-12-19 01:15:32,922:INFO: Epoch: 15, oDev loss: 2.966999053955078, Bleu Score: 0.6686460049457258
2020-12-19 01:15:33,159:INFO: -------- Save Best Model! --------
2020-12-19 01:22:10,070:INFO: Epoch: 16, loss: 2.9892139434814453
2020-12-19 01:28:36,213:INFO: Epoch: 16, oDev loss: 2.942584276199341, Bleu Score: 0.6070734417331062
2020-12-19 01:35:14,990:INFO: Epoch: 17, loss: 2.961517095565796
2020-12-19 01:41:32,441:INFO: Epoch: 17, oDev loss: 2.9244229793548584, Bleu Score: 0.5573954545495073
2020-12-19 01:48:12,898:INFO: Epoch: 18, loss: 2.9384732246398926
2020-12-19 01:54:29,332:INFO: Epoch: 18, oDev loss: 2.9063608646392822, Bleu Score: 0.5043974523877325
2020-12-19 02:00:25,125:INFO: Epoch: 19, loss: 2.9166595935821533
2020-12-19 02:06:33,129:INFO: Epoch: 19, oDev loss: 2.8902366161346436, Bleu Score: 0.5972537922295506
2020-12-19 02:12:26,083:INFO: Epoch: 20, loss: 2.895108222961426
2020-12-19 02:18:28,650:INFO: Epoch: 20, oDev loss: 2.8692729473114014, Bleu Score: 0.6510565659067912
2020-12-19 02:29:33,265:INFO: Test loss: None, Bleu Score: 0.7795108102936693
