2021-01-05 23:54:55,932:INFO: -------- Dataset Build! --------
2021-01-05 23:54:55,932:INFO: -------- Get Dataloader! --------
2021-01-06 01:16:17,852:INFO: Epoch: 1, loss: 7.66607141494751
2021-01-06 01:35:30,395:INFO: Epoch: 1, Dev loss: 6.709860324859619, Bleu Score: 2.293814119491992
2021-01-06 01:35:32,045:INFO: -------- Save Best Model! --------
2021-01-06 02:52:55,432:INFO: Epoch: 2, loss: 6.179129600524902
2021-01-06 03:10:55,149:INFO: Epoch: 2, Dev loss: 5.586391448974609, Bleu Score: 10.174195726466987
2021-01-06 03:10:56,806:INFO: -------- Save Best Model! --------
2021-01-06 04:25:22,173:INFO: Epoch: 3, loss: 5.230579853057861
2021-01-06 04:42:58,449:INFO: Epoch: 3, Dev loss: 4.8239426612854, Bleu Score: 16.92003407745098
2021-01-06 04:43:00,156:INFO: -------- Save Best Model! --------
2021-01-06 05:58:05,289:INFO: Epoch: 4, loss: 4.6321611404418945
2021-01-06 06:15:49,746:INFO: Epoch: 4, Dev loss: 4.479979515075684, Bleu Score: 19.919338415365132
2021-01-06 06:15:51,540:INFO: -------- Save Best Model! --------
2021-01-06 07:28:50,015:INFO: Epoch: 5, loss: 4.263759613037109
2021-01-06 07:46:23,711:INFO: Epoch: 5, Dev loss: 4.275391578674316, Bleu Score: 21.29857284440599
2021-01-06 07:46:25,461:INFO: -------- Save Best Model! --------
2021-01-06 08:55:10,853:INFO: Epoch: 6, loss: 3.9918642044067383
2021-01-06 09:12:39,433:INFO: Epoch: 6, Dev loss: 4.14038610458374, Bleu Score: 22.666716338402697
2021-01-06 09:12:41,199:INFO: -------- Save Best Model! --------
2021-01-06 10:19:21,173:INFO: Epoch: 7, loss: 3.7853643894195557
2021-01-06 10:36:39,704:INFO: Epoch: 7, Dev loss: 4.073763847351074, Bleu Score: 22.861415475199866
2021-01-06 10:36:41,540:INFO: -------- Save Best Model! --------
2021-01-06 11:45:53,794:INFO: Epoch: 8, loss: 3.6174070835113525
2021-01-06 12:03:20,698:INFO: Epoch: 8, Dev loss: 4.012784481048584, Bleu Score: 23.750558423805106
2021-01-06 12:03:22,533:INFO: -------- Save Best Model! --------
2021-01-06 13:06:51,906:INFO: Epoch: 9, loss: 3.480402708053589
2021-01-06 13:23:25,886:INFO: Epoch: 9, Dev loss: 3.978071451187134, Bleu Score: 24.13159951490563
2021-01-06 13:23:27,735:INFO: -------- Save Best Model! --------
2021-01-06 14:29:20,611:INFO: Epoch: 10, loss: 3.3658196926116943
2021-01-06 14:46:43,998:INFO: Epoch: 10, Dev loss: 3.9560976028442383, Bleu Score: 24.276507075868267
2021-01-06 14:46:45,781:INFO: -------- Save Best Model! --------
2021-01-06 15:54:23,324:INFO: Epoch: 11, loss: 3.261871814727783
2021-01-06 16:11:52,174:INFO: Epoch: 11, Dev loss: 3.9442925453186035, Bleu Score: 24.57660071069983
2021-01-06 16:11:53,962:INFO: -------- Save Best Model! --------
2021-01-06 17:17:52,499:INFO: Epoch: 12, loss: 3.1683027744293213
2021-01-06 17:35:00,903:INFO: Epoch: 12, Dev loss: 3.94523549079895, Bleu Score: 24.67598556435224
2021-01-06 17:35:02,634:INFO: -------- Save Best Model! --------
2021-01-06 18:43:15,880:INFO: Epoch: 13, loss: 3.0854849815368652
2021-01-06 19:00:54,224:INFO: Epoch: 13, Dev loss: 3.933506727218628, Bleu Score: 25.099973596516676
2021-01-06 19:00:56,017:INFO: -------- Save Best Model! --------
2021-01-06 20:11:47,277:INFO: Epoch: 14, loss: 3.009294271469116
2021-01-06 20:29:40,291:INFO: Epoch: 14, Dev loss: 3.9353652000427246, Bleu Score: 25.073045164007063
2021-01-06 20:29:40,292:INFO: Early Stop Left: 4
2021-01-06 21:42:14,799:INFO: Epoch: 15, loss: 2.9407620429992676
2021-01-06 22:00:14,980:INFO: Epoch: 15, Dev loss: 3.9313442707061768, Bleu Score: 25.422414348934826
2021-01-06 22:00:16,929:INFO: -------- Save Best Model! --------
2021-01-06 23:13:40,136:INFO: Epoch: 16, loss: 2.874760866165161
2021-01-06 23:31:52,863:INFO: Epoch: 16, Dev loss: 3.9421374797821045, Bleu Score: 25.302848678134666
2021-01-06 23:31:52,863:INFO: Early Stop Left: 4
2021-01-07 00:45:44,444:INFO: Epoch: 17, loss: 2.815256357192993
2021-01-07 01:04:01,185:INFO: Epoch: 17, Dev loss: 3.9491753578186035, Bleu Score: 25.419488861861158
2021-01-07 01:04:01,185:INFO: Early Stop Left: 3
2021-01-07 02:18:07,077:INFO: Epoch: 18, loss: 2.757962226867676
2021-01-07 02:36:33,980:INFO: Epoch: 18, Dev loss: 3.958650588989258, Bleu Score: 25.625825340501628
2021-01-07 02:36:35,876:INFO: -------- Save Best Model! --------
2021-01-07 03:51:09,891:INFO: Epoch: 19, loss: 2.705183506011963
2021-01-07 04:09:35,447:INFO: Epoch: 19, Dev loss: 3.9604899883270264, Bleu Score: 25.66705070529782
2021-01-07 04:09:37,285:INFO: -------- Save Best Model! --------
2021-01-07 05:24:34,364:INFO: Epoch: 20, loss: 2.657707691192627
2021-01-07 05:43:03,362:INFO: Epoch: 20, Dev loss: 3.9733846187591553, Bleu Score: 25.565205775766874
2021-01-07 05:43:03,362:INFO: Early Stop Left: 4
2021-01-07 06:58:53,683:INFO: Epoch: 21, loss: 2.607747793197632
2021-01-07 07:17:25,250:INFO: Epoch: 21, Dev loss: 3.986823320388794, Bleu Score: 25.530726081787144
2021-01-07 07:17:25,250:INFO: Early Stop Left: 3
2021-01-07 08:32:17,092:INFO: Epoch: 22, loss: 2.567626476287842
2021-01-07 08:51:01,580:INFO: Epoch: 22, Dev loss: 4.003452777862549, Bleu Score: 25.499476490989323
2021-01-07 08:51:01,580:INFO: Early Stop Left: 2
2021-01-07 10:05:54,782:INFO: Epoch: 23, loss: 2.5283071994781494
2021-01-07 10:24:06,365:INFO: Epoch: 23, Dev loss: 4.009011268615723, Bleu Score: 25.632695579920057
2021-01-07 10:24:06,365:INFO: Early Stop Left: 1
2021-01-07 11:38:12,731:INFO: Epoch: 24, loss: 2.4848549365997314
2021-01-07 11:56:19,309:INFO: Epoch: 24, Dev loss: 4.009793281555176, Bleu Score: 25.854820227183488
2021-01-07 11:56:21,094:INFO: -------- Save Best Model! --------
2021-01-07 13:10:20,690:INFO: Epoch: 25, loss: 2.45005464553833
2021-01-07 13:28:29,161:INFO: Epoch: 25, Dev loss: 4.021472930908203, Bleu Score: 25.64368108152298
2021-01-07 13:28:29,161:INFO: Early Stop Left: 4
2021-01-07 14:42:10,862:INFO: Epoch: 26, loss: 2.4150032997131348
2021-01-07 15:00:18,193:INFO: Epoch: 26, Dev loss: 4.02813196182251, Bleu Score: 25.859135911368686
2021-01-07 15:00:20,007:INFO: -------- Save Best Model! --------
2021-01-07 16:17:55,957:INFO: Epoch: 27, loss: 2.3780624866485596
2021-01-07 16:36:42,729:INFO: Epoch: 27, Dev loss: 4.051451206207275, Bleu Score: 25.6880351714035
2021-01-07 16:36:42,730:INFO: Early Stop Left: 4
2021-01-07 17:53:39,346:INFO: Epoch: 28, loss: 2.345249652862549
2021-01-07 18:12:34,853:INFO: Epoch: 28, Dev loss: 4.064245700836182, Bleu Score: 25.81723428669327
2021-01-07 18:12:34,853:INFO: Early Stop Left: 3
2021-01-07 19:28:42,616:INFO: Epoch: 29, loss: 2.3181495666503906
2021-01-07 19:47:51,675:INFO: Epoch: 29, Dev loss: 4.062165260314941, Bleu Score: 25.955592430299845
2021-01-07 19:47:53,496:INFO: -------- Save Best Model! --------
2021-01-07 21:05:21,503:INFO: Epoch: 30, loss: 2.2871618270874023
2021-01-07 21:24:31,149:INFO: Epoch: 30, Dev loss: 4.076747417449951, Bleu Score: 25.76284279019211
2021-01-07 21:24:31,149:INFO: Early Stop Left: 4
2021-01-07 22:41:12,070:INFO: Epoch: 31, loss: 2.2572834491729736
2021-01-07 23:00:04,651:INFO: Epoch: 31, Dev loss: 4.092722415924072, Bleu Score: 26.004673755534927
2021-01-07 23:00:06,488:INFO: -------- Save Best Model! --------
2021-01-08 00:19:24,469:INFO: Epoch: 32, loss: 2.230895757675171
2021-01-08 00:38:44,839:INFO: Epoch: 32, Dev loss: 4.102395534515381, Bleu Score: 26.078962463156913
2021-01-08 00:38:46,496:INFO: -------- Save Best Model! --------
2021-01-08 01:59:26,571:INFO: Epoch: 33, loss: 2.20518159866333
2021-01-08 02:18:47,945:INFO: Epoch: 33, Dev loss: 4.111977577209473, Bleu Score: 26.001439325300222
2021-01-08 02:18:47,945:INFO: Early Stop Left: 4
2021-01-08 03:39:15,027:INFO: Epoch: 34, loss: 2.1797351837158203
2021-01-08 03:58:35,674:INFO: Epoch: 34, Dev loss: 4.1149749755859375, Bleu Score: 25.889079987488408
2021-01-08 03:58:35,674:INFO: Early Stop Left: 3
2021-01-08 05:20:23,877:INFO: Epoch: 35, loss: 2.1556577682495117
2021-01-08 05:40:02,675:INFO: Epoch: 35, Dev loss: 4.124146461486816, Bleu Score: 25.992365332214302
2021-01-08 05:40:02,676:INFO: Early Stop Left: 2
2021-01-08 07:02:33,076:INFO: Epoch: 36, loss: 2.132702350616455
2021-01-08 07:22:07,851:INFO: Epoch: 36, Dev loss: 4.135631084442139, Bleu Score: 26.022615290100582
2021-01-08 07:22:07,852:INFO: Early Stop Left: 1
2021-01-08 08:44:36,029:INFO: Epoch: 37, loss: 2.1118788719177246
2021-01-08 09:03:27,331:INFO: Epoch: 37, Dev loss: 4.14164400100708, Bleu Score: 25.933063121796195
2021-01-08 09:03:27,331:INFO: Early Stop Left: 0
2021-01-08 09:03:27,331:INFO: -------- Early Stop! --------
2021-01-08 09:36:14,130:INFO: Test loss: 4.1112823486328125,  Bleu Score: 25.938395173715367
